<?xml version="1.0" encoding="utf-8"?>
<coverage line-rate="1" branch-rate="1" version="1.9" timestamp="1761871520" lines-covered="17" lines-valid="17" branches-covered="2" branches-valid="2">
  <sources>
    <source>D:\</source>
  </sources>
  <packages>
    <package name="Comportamiento.Domain" line-rate="1" branch-rate="1" complexity="7">
      <classes>
        <class name="Comportamiento.Domain.ConcreteSubject" filename="UPT_CICLOS\CICLO VIII\Patrones\labs_Unidad2\lab-2025-ii-pds-u2-03-cs-SebastianFuentesAvalos\Comportamiento\Comportamiento.Domain\Observer.cs" line-rate="1" branch-rate="1" complexity="5">
          <methods>
            <method name="Attach" signature="(Comportamiento.Domain.IObserver)" line-rate="1" branch-rate="1" complexity="1">
              <lines>
                <line number="23" hits="2" branch="False" />
                <line number="24" hits="2" branch="False" />
                <line number="25" hits="2" branch="False" />
              </lines>
            </method>
            <method name="Detach" signature="(Comportamiento.Domain.IObserver)" line-rate="1" branch-rate="1" complexity="1">
              <lines>
                <line number="28" hits="1" branch="False" />
                <line number="29" hits="1" branch="False" />
                <line number="30" hits="1" branch="False" />
              </lines>
            </method>
            <method name="Notify" signature="(System.String)" line-rate="1" branch-rate="1" complexity="2">
              <lines>
                <line number="33" hits="2" branch="False" />
                <line number="34" hits="8" branch="True" condition-coverage="100% (2/2)">
                  <conditions>
                    <condition number="41" type="jump" coverage="100%" />
                  </conditions>
                </line>
                <line number="35" hits="1" branch="False" />
                <line number="36" hits="1" branch="False" />
                <line number="37" hits="1" branch="False" />
                <line number="38" hits="2" branch="False" />
              </lines>
            </method>
            <method name=".ctor" signature="()" line-rate="1" branch-rate="1" complexity="1">
              <lines>
                <line number="20" hits="2" branch="False" />
              </lines>
            </method>
          </methods>
          <lines>
            <line number="23" hits="2" branch="False" />
            <line number="24" hits="2" branch="False" />
            <line number="25" hits="2" branch="False" />
            <line number="28" hits="1" branch="False" />
            <line number="29" hits="1" branch="False" />
            <line number="30" hits="1" branch="False" />
            <line number="33" hits="2" branch="False" />
            <line number="34" hits="8" branch="True" condition-coverage="100% (2/2)">
              <conditions>
                <condition number="41" type="jump" coverage="100%" />
              </conditions>
            </line>
            <line number="35" hits="1" branch="False" />
            <line number="36" hits="1" branch="False" />
            <line number="37" hits="1" branch="False" />
            <line number="38" hits="2" branch="False" />
            <line number="20" hits="2" branch="False" />
          </lines>
        </class>
        <class name="Comportamiento.Domain.ConcreteObserver" filename="UPT_CICLOS\CICLO VIII\Patrones\labs_Unidad2\lab-2025-ii-pds-u2-03-cs-SebastianFuentesAvalos\Comportamiento\Comportamiento.Domain\Observer.cs" line-rate="1" branch-rate="1" complexity="2">
          <methods>
            <method name="get_LastMessage" signature="()" line-rate="1" branch-rate="1" complexity="1">
              <lines>
                <line number="44" hits="5" branch="False" />
              </lines>
            </method>
            <method name="Update" signature="(System.String)" line-rate="1" branch-rate="1" complexity="1">
              <lines>
                <line number="46" hits="1" branch="False" />
                <line number="47" hits="1" branch="False" />
                <line number="48" hits="1" branch="False" />
              </lines>
            </method>
          </methods>
          <lines>
            <line number="44" hits="5" branch="False" />
            <line number="46" hits="1" branch="False" />
            <line number="47" hits="1" branch="False" />
            <line number="48" hits="1" branch="False" />
          </lines>
        </class>
      </classes>
    </package>
  </packages>
</coverage>